# JRE version: OpenJDK Runtime Environment Temurin-21.0.1+12 (21.0.1+12) (build 21.0.1+12-LTS)
# Java VM: OpenJDK 64-Bit Server VM Temurin-21.0.1+12 (21.0.1+12-LTS, mixed mode, emulated-client, sharing, tiered, compressed oops, compressed class ptrs, g1 gc, windows-amd64)
GC Precious Log:
 CardTable entry size: 512
 Card Set container configuration: InlinePtr #cards 5 size 8 Array Of Cards #cards 12 size 40 Howl #buckets 4 coarsen threshold 1843 Howl Bitmap #cards 512 size 80 coarsen threshold 460 Card regions per heap region 1 cards per card region 2048
 CPUs: 4 total, 4 available
 Memory: 8107M
 Large Page Support: Disabled
 NUMA Support: Disabled
 Compressed Oops: Enabled (32-bit)
 Heap Region Size: 1M
 Heap Min Capacity: 8M
 Heap Initial Capacity: 128M
 Heap Max Capacity: 2028M
 Pre-touch: Disabled
 Parallel Workers: 4
 Concurrent Workers: 1
 Concurrent Refinement Workers: 4
 Periodic GC: Disabled
Heap:
 garbage-first heap   total 113664K, used 65587K [0x0000000081400000, 0x0000000100000000)
  region size 1024K, 24 young (24576K), 1 survivors (1024K)
 Metaspace       used 72039K, committed 73600K, reserved 1114112K
  class space    used 9870K, committed 10496K, reserved 1048576K
GC Heap History (20 events):
Event: 7.480 GC heap before
{Heap before GC invocations=16 (full 0):
 garbage-first heap   total 89088K, used 73407K [0x0000000081400000, 0x0000000100000000)
  region size 1024K, 52 young (53248K), 4 survivors (4096K)
 Metaspace       used 51360K, committed 51904K, reserved 1114112K
  class space    used 6932K, committed 7168K, reserved 1048576K
}
Event: 7.487 GC heap after
{Heap after GC invocations=17 (full 0):
 garbage-first heap   total 89088K, used 27770K [0x0000000081400000, 0x0000000100000000)
  region size 1024K, 7 young (7168K), 7 survivors (7168K)
 Metaspace       used 51360K, committed 51904K, reserved 1114112K
  class space    used 6932K, committed 7168K, reserved 1048576K
}
Event: 8.025 GC heap before
{Heap before GC invocations=17 (full 0):
 garbage-first heap   total 89088K, used 72826K [0x0000000081400000, 0x0000000100000000)
  region size 1024K, 52 young (53248K), 7 survivors (7168K)
 Metaspace       used 55487K, committed 56064K, reserved 1114112K
  class space    used 7630K, committed 7872K, reserved 1048576K
}
Event: 8.032 GC heap after
{Heap after GC invocations=18 (full 0):
 garbage-first heap   total 89088K, used 28074K [0x0000000081400000, 0x0000000100000000)
  region size 1024K, 4 young (4096K), 4 survivors (4096K)
 Metaspace       used 55487K, committed 56064K, reserved 1114112K
  class space    used 7630K, committed 7872K, reserved 1048576K
}
Event: 8.562 GC heap before
{Heap before GC invocations=18 (full 0):
 garbage-first heap   total 89088K, used 77226K [0x0000000081400000, 0x0000000100000000)
  region size 1024K, 52 young (53248K), 4 survivors (4096K)
 Metaspace       used 59793K, committed 60480K, reserved 1114112K
  class space    used 8204K, committed 8512K, reserved 1048576K
}
Event: 8.570 GC heap after
{Heap after GC invocations=19 (full 0):
 garbage-first heap   total 89088K, used 28474K [0x0000000081400000, 0x0000000100000000)
  region size 1024K, 4 young (4096K), 4 survivors (4096K)
 Metaspace       used 59793K, committed 60480K, reserved 1114112K
  class space    used 8204K, committed 8512K, reserved 1048576K
}
Event: 8.578 GC heap before
{Heap before GC invocations=19 (full 0):
 garbage-first heap   total 89088K, used 28474K [0x0000000081400000, 0x0000000100000000)
  region size 1024K, 5 young (5120K), 4 survivors (4096K)
 Metaspace       used 59853K, committed 60480K, reserved 1114112K
  class space    used 8214K, committed 8512K, reserved 1048576K
}
Event: 8.583 GC heap after
{Heap after GC invocations=20 (full 0):
 garbage-first heap   total 89088K, used 28447K [0x0000000081400000, 0x0000000100000000)
  region size 1024K, 4 young (4096K), 4 survivors (4096K)
 Metaspace       used 59853K, committed 60480K, reserved 1114112K
  class space    used 8214K, committed 8512K, reserved 1048576K
}
Event: 9.142 GC heap before
{Heap before GC invocations=21 (full 0):
 garbage-first heap   total 89088K, used 77599K [0x0000000081400000, 0x0000000100000000)
  region size 1024K, 52 young (53248K), 4 survivors (4096K)
 Metaspace       used 62318K, committed 62976K, reserved 1114112K
  class space    used 8625K, committed 8960K, reserved 1048576K
}
Event: 9.150 GC heap after
{Heap after GC invocations=22 (full 0):
 garbage-first heap   total 89088K, used 30946K [0x0000000081400000, 0x0000000100000000)
  region size 1024K, 6 young (6144K), 6 survivors (6144K)
 Metaspace       used 62318K, committed 62976K, reserved 1114112K
  class space    used 8625K, committed 8960K, reserved 1048576K
}
Event: 16.714 GC heap before
{Heap before GC invocations=22 (full 0):
 garbage-first heap   total 89088K, used 77026K [0x0000000081400000, 0x0000000100000000)
  region size 1024K, 51 young (52224K), 6 survivors (6144K)
 Metaspace       used 66077K, committed 66880K, reserved 1114112K
  class space    used 9153K, committed 9536K, reserved 1048576K
}
Event: 16.728 GC heap after
{Heap after GC invocations=23 (full 0):
 garbage-first heap   total 107520K, used 32762K [0x0000000081400000, 0x0000000100000000)
  region size 1024K, 5 young (5120K), 5 survivors (5120K)
 Metaspace       used 66077K, committed 66880K, reserved 1114112K
  class space    used 9153K, committed 9536K, reserved 1048576K
}
Event: 17.654 GC heap before
{Heap before GC invocations=23 (full 0):
 garbage-first heap   total 107520K, used 101370K [0x0000000081400000, 0x0000000100000000)
  region size 1024K, 63 young (64512K), 5 survivors (5120K)
 Metaspace       used 70490K, committed 71552K, reserved 1114112K
  class space    used 9694K, committed 10176K, reserved 1048576K
}
Event: 17.670 GC heap after
{Heap after GC invocations=24 (full 0):
 garbage-first heap   total 113664K, used 38885K [0x0000000081400000, 0x0000000100000000)
  region size 1024K, 8 young (8192K), 8 survivors (8192K)
 Metaspace       used 70490K, committed 71552K, reserved 1114112K
  class space    used 9694K, committed 10176K, reserved 1048576K
}
Event: 353.729 GC heap before
{Heap before GC invocations=24 (full 0):
 garbage-first heap   total 113664K, used 98277K [0x0000000081400000, 0x0000000100000000)
  region size 1024K, 66 young (67584K), 8 survivors (8192K)
 Metaspace       used 72473K, committed 73600K, reserved 1114112K
  class space    used 9981K, committed 10496K, reserved 1048576K
}
Event: 353.745 GC heap after
{Heap after GC invocations=25 (full 0):
 garbage-first heap   total 113664K, used 42665K [0x0000000081400000, 0x0000000100000000)
  region size 1024K, 5 young (5120K), 5 survivors (5120K)
 Metaspace       used 72473K, committed 73600K, reserved 1114112K
  class space    used 9981K, committed 10496K, reserved 1048576K
}
Event: 1718.387 GC heap before
{Heap before GC invocations=25 (full 0):
 garbage-first heap   total 113664K, used 101033K [0x0000000081400000, 0x0000000100000000)
  region size 1024K, 62 young (63488K), 5 survivors (5120K)
 Metaspace       used 72473K, committed 73600K, reserved 1114112K
  class space    used 9981K, committed 10496K, reserved 1048576K
}
Event: 1718.399 GC heap after
{Heap after GC invocations=26 (full 0):
 garbage-first heap   total 113664K, used 43233K [0x0000000081400000, 0x0000000100000000)
  region size 1024K, 1 young (1024K), 1 survivors (1024K)
 Metaspace       used 72473K, committed 73600K, reserved 1114112K
  class space    used 9981K, committed 10496K, reserved 1048576K
}
Event: 3013.667 GC heap before
{Heap before GC invocations=27 (full 0):
 garbage-first heap   total 113664K, used 102625K [0x0000000081400000, 0x0000000100000000)
  region size 1024K, 59 young (60416K), 1 survivors (1024K)
 Metaspace       used 71988K, committed 73600K, reserved 1114112K
  class space    used 9857K, committed 10496K, reserved 1048576K
}
Event: 3013.678 GC heap after
{Heap after GC invocations=28 (full 0):
 garbage-first heap   total 113664K, used 43059K [0x0000000081400000, 0x0000000100000000)
  region size 1024K, 1 young (1024K), 1 survivors (1024K)
 Metaspace       used 71988K, committed 73600K, reserved 1114112K
  class space    used 9857K, committed 10496K, reserved 1048576K
}

