# JRE version: OpenJDK Runtime Environment Temurin-21.0.1+12 (21.0.1+12) (build 21.0.1+12-LTS)
# Java VM: OpenJDK 64-Bit Server VM Temurin-21.0.1+12 (21.0.1+12-LTS, mixed mode, emulated-client, sharing, tiered, compressed oops, compressed class ptrs, g1 gc, windows-amd64)
GC Precious Log:
 CardTable entry size: 512
 Card Set container configuration: InlinePtr #cards 5 size 8 Array Of Cards #cards 12 size 40 Howl #buckets 4 coarsen threshold 1843 Howl Bitmap #cards 512 size 80 coarsen threshold 460 Card regions per heap region 1 cards per card region 2048
 CPUs: 4 total, 4 available
 Memory: 8107M
 Large Page Support: Disabled
 NUMA Support: Disabled
 Compressed Oops: Enabled (32-bit)
 Heap Region Size: 1M
 Heap Min Capacity: 8M
 Heap Initial Capacity: 128M
 Heap Max Capacity: 2028M
 Pre-touch: Disabled
 Parallel Workers: 4
 Concurrent Workers: 1
 Concurrent Refinement Workers: 4
 Periodic GC: Disabled
Heap:
 garbage-first heap   total 108544K, used 56743K [0x0000000081400000, 0x0000000100000000)
  region size 1024K, 21 young (21504K), 6 survivors (6144K)
 Metaspace       used 72530K, committed 73664K, reserved 1114112K
  class space    used 9992K, committed 10496K, reserved 1048576K
GC Heap History (20 events):
Event: 6.288 GC heap before
{Heap before GC invocations=14 (full 0):
 garbage-first heap   total 70656K, used 60413K [0x0000000081400000, 0x0000000100000000)
  region size 1024K, 41 young (41984K), 5 survivors (5120K)
 Metaspace       used 42220K, committed 42816K, reserved 1114112K
  class space    used 5530K, committed 5760K, reserved 1048576K
}
Event: 6.296 GC heap after
{Heap after GC invocations=15 (full 0):
 garbage-first heap   total 70656K, used 24075K [0x0000000081400000, 0x0000000100000000)
  region size 1024K, 3 young (3072K), 3 survivors (3072K)
 Metaspace       used 42220K, committed 42816K, reserved 1114112K
  class space    used 5530K, committed 5760K, reserved 1048576K
}
Event: 6.838 GC heap before
{Heap before GC invocations=15 (full 0):
 garbage-first heap   total 70656K, used 62987K [0x0000000081400000, 0x0000000100000000)
  region size 1024K, 41 young (41984K), 3 survivors (3072K)
 Metaspace       used 45532K, committed 46144K, reserved 1114112K
  class space    used 6083K, committed 6336K, reserved 1048576K
}
Event: 6.843 GC heap after
{Heap after GC invocations=16 (full 0):
 garbage-first heap   total 84992K, used 25041K [0x0000000081400000, 0x0000000100000000)
  region size 1024K, 4 young (4096K), 4 survivors (4096K)
 Metaspace       used 45532K, committed 46144K, reserved 1114112K
  class space    used 6083K, committed 6336K, reserved 1048576K
}
Event: 7.286 GC heap before
{Heap before GC invocations=16 (full 0):
 garbage-first heap   total 84992K, used 70097K [0x0000000081400000, 0x0000000100000000)
  region size 1024K, 49 young (50176K), 4 survivors (4096K)
 Metaspace       used 49790K, committed 50432K, reserved 1114112K
  class space    used 6630K, committed 6912K, reserved 1048576K
}
Event: 7.292 GC heap after
{Heap after GC invocations=17 (full 0):
 garbage-first heap   total 84992K, used 26025K [0x0000000081400000, 0x0000000100000000)
  region size 1024K, 5 young (5120K), 5 survivors (5120K)
 Metaspace       used 49790K, committed 50432K, reserved 1114112K
  class space    used 6630K, committed 6912K, reserved 1048576K
}
Event: 7.784 GC heap before
{Heap before GC invocations=17 (full 0):
 garbage-first heap   total 84992K, used 71081K [0x0000000081400000, 0x0000000100000000)
  region size 1024K, 49 young (50176K), 5 survivors (5120K)
 Metaspace       used 54750K, committed 55360K, reserved 1114112K
  class space    used 7510K, committed 7808K, reserved 1048576K
}
Event: 7.791 GC heap after
{Heap after GC invocations=18 (full 0):
 garbage-first heap   total 84992K, used 26267K [0x0000000081400000, 0x0000000100000000)
  region size 1024K, 5 young (5120K), 5 survivors (5120K)
 Metaspace       used 54750K, committed 55360K, reserved 1114112K
  class space    used 7510K, committed 7808K, reserved 1048576K
}
Event: 8.305 GC heap before
{Heap before GC invocations=18 (full 0):
 garbage-first heap   total 84992K, used 71323K [0x0000000081400000, 0x0000000100000000)
  region size 1024K, 49 young (50176K), 5 survivors (5120K)
 Metaspace       used 58670K, committed 59328K, reserved 1114112K
  class space    used 8022K, committed 8320K, reserved 1048576K
}
Event: 8.313 GC heap after
{Heap after GC invocations=19 (full 0):
 garbage-first heap   total 84992K, used 28206K [0x0000000081400000, 0x0000000100000000)
  region size 1024K, 5 young (5120K), 5 survivors (5120K)
 Metaspace       used 58670K, committed 59328K, reserved 1114112K
  class space    used 8022K, committed 8320K, reserved 1048576K
}
Event: 8.363 GC heap before
{Heap before GC invocations=19 (full 0):
 garbage-first heap   total 84992K, used 32302K [0x0000000081400000, 0x0000000100000000)
  region size 1024K, 10 young (10240K), 5 survivors (5120K)
 Metaspace       used 59138K, committed 59776K, reserved 1114112K
  class space    used 8082K, committed 8384K, reserved 1048576K
}
Event: 8.370 GC heap after
{Heap after GC invocations=20 (full 0):
 garbage-first heap   total 84992K, used 28002K [0x0000000081400000, 0x0000000100000000)
  region size 1024K, 3 young (3072K), 3 survivors (3072K)
 Metaspace       used 59138K, committed 59776K, reserved 1114112K
  class space    used 8082K, committed 8384K, reserved 1048576K
}
Event: 8.918 GC heap before
{Heap before GC invocations=21 (full 0):
 garbage-first heap   total 84992K, used 75106K [0x0000000081400000, 0x0000000100000000)
  region size 1024K, 49 young (50176K), 3 survivors (3072K)
 Metaspace       used 61453K, committed 62144K, reserved 1114112K
  class space    used 8500K, committed 8832K, reserved 1048576K
}
Event: 8.925 GC heap after
{Heap after GC invocations=22 (full 0):
 garbage-first heap   total 84992K, used 29997K [0x0000000081400000, 0x0000000100000000)
  region size 1024K, 5 young (5120K), 5 survivors (5120K)
 Metaspace       used 61453K, committed 62144K, reserved 1114112K
  class space    used 8500K, committed 8832K, reserved 1048576K
}
Event: 12.177 GC heap before
{Heap before GC invocations=22 (full 0):
 garbage-first heap   total 84992K, used 73005K [0x0000000081400000, 0x0000000100000000)
  region size 1024K, 48 young (49152K), 5 survivors (5120K)
 Metaspace       used 64527K, committed 65280K, reserved 1114112K
  class space    used 8935K, committed 9280K, reserved 1048576K
}
Event: 12.190 GC heap after
{Heap after GC invocations=23 (full 0):
 garbage-first heap   total 102400K, used 32092K [0x0000000081400000, 0x0000000100000000)
  region size 1024K, 5 young (5120K), 5 survivors (5120K)
 Metaspace       used 64527K, committed 65280K, reserved 1114112K
  class space    used 8935K, committed 9280K, reserved 1048576K
}
Event: 13.209 GC heap before
{Heap before GC invocations=23 (full 0):
 garbage-first heap   total 102400K, used 97628K [0x0000000081400000, 0x0000000100000000)
  region size 1024K, 60 young (61440K), 5 survivors (5120K)
 Metaspace       used 69498K, committed 70528K, reserved 1114112K
  class space    used 9580K, committed 10048K, reserved 1048576K
}
Event: 13.224 GC heap after
{Heap after GC invocations=24 (full 0):
 garbage-first heap   total 108544K, used 36473K [0x0000000081400000, 0x0000000100000000)
  region size 1024K, 8 young (8192K), 8 survivors (8192K)
 Metaspace       used 69498K, committed 70528K, reserved 1114112K
  class space    used 9580K, committed 10048K, reserved 1048576K
}
Event: 13.936 GC heap before
{Heap before GC invocations=24 (full 0):
 garbage-first heap   total 108544K, used 91769K [0x0000000081400000, 0x0000000100000000)
  region size 1024K, 63 young (64512K), 8 survivors (8192K)
 Metaspace       used 72079K, committed 73280K, reserved 1114112K
  class space    used 9933K, committed 10496K, reserved 1048576K
}
Event: 13.954 GC heap after
{Heap after GC invocations=25 (full 0):
 garbage-first heap   total 108544K, used 42407K [0x0000000081400000, 0x0000000100000000)
  region size 1024K, 6 young (6144K), 6 survivors (6144K)
 Metaspace       used 72079K, committed 73280K, reserved 1114112K
  class space    used 9933K, committed 10496K, reserved 1048576K
}

